
ROM used:   4306/32768 (13%)
            4306/32768 (13%) including unused fragments

            1.3 Average locations per line
            9.0 Average locations per statement

RAM used:   129/2048 (6%) at main() level
            162/2048 (8%) worst case

Stack used: 2 worst case (2 in main + 0 for interrupts)
Stack size: 31

Lines Stmts  %   Files
----- ----- ---  -----
  337   219  46  Velocista_2017.c
  775     0   0  ..\..\..\..\..\Program Files\PICC\Devices\18F2550.h
 2229   257  54  ..\..\..\..\..\Program Files\PICC\Drivers\math.h
----- -----
 3341   476 Total

Page ROM  %  RAM   Vol Diff  Functions:
---- --- --- ---   --- ----  ----------
0    118   1   10             @FLT
0     56   1    4             @SFTOI
0     54   1    2             @ITOF
0    242   3   11             @MULFF
0    618   7   16             @ADDFF
0    346   4   14             @DIVFF
0     62   1    5             @FTOSD
0    970  11    6   688  6.9  lectura_de_sensores
0     52   1    4             @DTOF
0   1154  13   16   773  5.5  Control_PID
0    350   4    2   362  4.7  Actualizo_motores
0     32   0    5             @MUL1616
0    248   3    1   552  4.3  MAIN
 Inline         0             @cinit1

Program metrics:
    Functions               4
    Statements              476
    Comments                429
    Volume (V)              3194
    Difficulty (D)          20.3
    Effort to implement (E) 64898
    Time to implement (T)   1 hours, 0 minutes
    Est Delivered Bugs (B)  1
    Cyclomatic Complexity   6
    Maintainability (MI)    42

 Segment     Used  Free
-----------  ----  ----
00000-00002     4  0  
00004-07FFE  4302  28462  



